[    0.000000] Initializing cgroup subsys cpuset
[    0.000000] Initializing cgroup subsys cpu
[    0.000000] Initializing cgroup subsys cpuacct
[    0.000000] Linux version 4.4.0-141-generic (buildd@lcy01-amd64-006) (gcc version 5.4.0 20160609 (Ubuntu 5.4.0-6ubuntu1~16.04.10) ) #167-Ubuntu SMP Wed Dec 5 10:40:15 UTC 2018 (Ubuntu 4.4.0-141.167-generic 4.4.162)
[    0.000000] Command line: BOOT_IMAGE=/boot/vmlinuz-4.4.0-141-generic root=LABEL=cloudimg-rootfs ro console=tty1 console=ttyS0
[    0.000000] KERNEL supported cpus:
[    0.000000]   Intel GenuineIntel
[    0.000000]   AMD AuthenticAMD
[    0.000000]   Centaur CentaurHauls
[    0.000000] x86/fpu: xstate_offset[2]:  576, xstate_sizes[2]:  256
[    0.000000] x86/fpu: Supporting XSAVE feature 0x01: 'x87 floating point registers'
[    0.000000] x86/fpu: Supporting XSAVE feature 0x02: 'SSE registers'
[    0.000000] x86/fpu: Supporting XSAVE feature 0x04: 'AVX registers'
[    0.000000] x86/fpu: Enabled xstate features 0x7, context size is 832 bytes, using 'standard' format.
[    0.000000] e820: BIOS-provided physical RAM map:
[    0.000000] BIOS-e820: [mem 0x0000000000000000-0x000000000009fbff] usable
[    0.000000] BIOS-e820: [mem 0x000000000009fc00-0x000000000009ffff] reserved
[    0.000000] BIOS-e820: [mem 0x00000000000f0000-0x00000000000fffff] reserved
[    0.000000] BIOS-e820: [mem 0x0000000000100000-0x000000007ffeffff] usable
[    0.000000] BIOS-e820: [mem 0x000000007fff0000-0x000000007fffffff] ACPI data
[    0.000000] BIOS-e820: [mem 0x00000000fec00000-0x00000000fec00fff] reserved
[    0.000000] BIOS-e820: [mem 0x00000000fee00000-0x00000000fee00fff] reserved
[    0.000000] BIOS-e820: [mem 0x00000000fffc0000-0x00000000ffffffff] reserved
[    0.000000] NX (Execute Disable) protection: active
[    0.000000] SMBIOS 2.5 present.
[    0.000000] Hypervisor detected: KVM
[    0.000000] e820: last_pfn = 0x7fff0 max_arch_pfn = 0x400000000
[    0.000000] MTRR: Disabled
[    0.000000] x86/PAT: MTRRs disabled, skipping PAT initialization too.
[    0.000000] CPU MTRRs all blank - virtualized system.
[    0.000000] x86/PAT: Configuration [0-7]: WB  WT  UC- UC  WB  WT  UC- UC  
[    0.000000] found SMP MP-table at [mem 0x0009fff0-0x0009ffff] mapped at [ffff88000009fff0]
[    0.000000] Scanning 1 areas for low memory corruption
[    0.000000] RAMDISK: [mem 0x36308000-0x3717bfff]
[    0.000000] ACPI: Early table checksum verification disabled
[    0.000000] ACPI: RSDP 0x00000000000E0000 000024 (v02 VBOX  )
[    0.000000] ACPI: XSDT 0x000000007FFF0030 00003C (v01 VBOX   VBOXXSDT 00000001 ASL  00000061)
[    0.000000] ACPI: FACP 0x000000007FFF00F0 0000F4 (v04 VBOX   VBOXFACP 00000001 ASL  00000061)
[    0.000000] ACPI: DSDT 0x000000007FFF0470 0021FF (v02 VBOX   VBOXBIOS 00000002 INTL 20100528)
[    0.000000] ACPI: FACS 0x000000007FFF0200 000040
[    0.000000] ACPI: FACS 0x000000007FFF0200 000040
[    0.000000] ACPI: APIC 0x000000007FFF0240 000054 (v02 VBOX   VBOXAPIC 00000001 ASL  00000061)
[    0.000000] ACPI: SSDT 0x000000007FFF02A0 0001CC (v01 VBOX   VBOXCPUT 00000002 INTL 20100528)
[    0.000000] No NUMA configuration found
[    0.000000] Faking a node at [mem 0x0000000000000000-0x000000007ffeffff]
[    0.000000] NODE_DATA(0) allocated [mem 0x7ffeb000-0x7ffeffff]
[    0.000000] kvm-clock: Using msrs 4b564d01 and 4b564d00
[    0.000000] kvm-clock: cpu 0, msr 0:7ffe3001, primary cpu clock
[    0.000000] kvm-clock: using sched offset of 5420791443 cycles
[    0.000000] clocksource: kvm-clock: mask: 0xffffffffffffffff max_cycles: 0x1cd42e4dffb, max_idle_ns: 881590591483 ns
[    0.000000] Zone ranges:
[    0.000000]   DMA      [mem 0x0000000000001000-0x0000000000ffffff]
[    0.000000]   DMA32    [mem 0x0000000001000000-0x000000007ffeffff]
[    0.000000]   Normal   empty
[    0.000000]   Device   empty
[    0.000000] Movable zone start for each node
[    0.000000] Early memory node ranges
[    0.000000]   node   0: [mem 0x0000000000001000-0x000000000009efff]
[    0.000000]   node   0: [mem 0x0000000000100000-0x000000007ffeffff]
[    0.000000] Initmem setup node 0 [mem 0x0000000000001000-0x000000007ffeffff]
[    0.000000] ACPI: PM-Timer IO Port: 0x4008
[    0.000000] IOAPIC[0]: apic_id 1, version 32, address 0xfec00000, GSI 0-23
[    0.000000] ACPI: INT_SRC_OVR (bus 0 bus_irq 0 global_irq 2 dfl dfl)
[    0.000000] ACPI: INT_SRC_OVR (bus 0 bus_irq 9 global_irq 9 low level)
[    0.000000] Using ACPI (MADT) for SMP configuration information
[    0.000000] smpboot: Allowing 1 CPUs, 0 hotplug CPUs
[    0.000000] PM: Registered nosave memory: [mem 0x00000000-0x00000fff]
[    0.000000] PM: Registered nosave memory: [mem 0x0009f000-0x0009ffff]
[    0.000000] PM: Registered nosave memory: [mem 0x000a0000-0x000effff]
[    0.000000] PM: Registered nosave memory: [mem 0x000f0000-0x000fffff]
[    0.000000] e820: [mem 0x80000000-0xfebfffff] available for PCI devices
[    0.000000] Booting paravirtualized kernel on KVM
[    0.000000] clocksource: refined-jiffies: mask: 0xffffffff max_cycles: 0xffffffff, max_idle_ns: 7645519600211568 ns
[    0.000000] setup_percpu: NR_CPUS:512 nr_cpumask_bits:512 nr_cpu_ids:1 nr_node_ids:1
[    0.000000] PERCPU: Embedded 34 pages/cpu @ffff88007fc00000 s99608 r8192 d31464 u2097152
[    0.000000] PV qspinlock hash table entries: 256 (order: 0, 4096 bytes)
[    0.000000] Built 1 zonelists in Node order, mobility grouping on.  Total pages: 515960
[    0.000000] Policy zone: DMA32
[    0.000000] Kernel command line: BOOT_IMAGE=/boot/vmlinuz-4.4.0-141-generic root=LABEL=cloudimg-rootfs ro console=tty1 console=ttyS0
[    0.000000] PID hash table entries: 4096 (order: 3, 32768 bytes)
[    0.000000] Memory: 2030032K/2096696K available (8568K kernel code, 1314K rwdata, 4008K rodata, 1528K init, 1316K bss, 66664K reserved, 0K cma-reserved)
[    0.000000] SLUB: HWalign=64, Order=0-3, MinObjects=0, CPUs=1, Nodes=1
[    0.000000] Kernel/User page tables isolation: enabled
[    0.000000] Hierarchical RCU implementation.
[    0.000000] 	Build-time adjustment of leaf fanout to 64.
[    0.000000] 	RCU restricting CPUs from NR_CPUS=512 to nr_cpu_ids=1.
[    0.000000] RCU: Adjusting geometry for rcu_fanout_leaf=64, nr_cpu_ids=1
[    0.000000] NR_IRQS:33024 nr_irqs:256 16
[    0.000000] Console: colour VGA+ 80x25
[    0.000000] console [tty1] enabled
[    0.000000] console [ttyS0] enabled
[    0.000000] tsc: Detected 2294.688 MHz processor
[    2.640927] Calibrating delay loop (skipped) preset value.. 4589.37 BogoMIPS (lpj=9178752)
[    2.678413] pid_max: default: 32768 minimum: 301
[    2.704594] ACPI: Core revision 20150930
[    2.721284] ACPI: 2 ACPI AML tables successfully acquired and loaded
[    2.737033] Security Framework initialized
[    2.749557] Yama: becoming mindful.
[    2.757074] AppArmor: AppArmor initialized
[    2.775680] Dentry cache hash table entries: 262144 (order: 9, 2097152 bytes)
[    2.799779] Inode-cache hash table entries: 131072 (order: 8, 1048576 bytes)
[    2.830174] Mount-cache hash table entries: 4096 (order: 3, 32768 bytes)
[    2.852504] Mountpoint-cache hash table entries: 4096 (order: 3, 32768 bytes)
[    2.892204] Initializing cgroup subsys io
[    2.922664] Initializing cgroup subsys memory
[    2.932607] Initializing cgroup subsys devices
[    2.950422] Initializing cgroup subsys freezer
[    2.976416] Initializing cgroup subsys net_cls
[    3.017430] Initializing cgroup subsys perf_event
[    3.036270] Initializing cgroup subsys net_prio
[    3.080167] Initializing cgroup subsys hugetlb
[    3.094372] Initializing cgroup subsys pids
[    3.111579] mce: CPU supports 0 MCE banks
[    3.129185] process: using mwait in idle threads
[    3.144408] Last level iTLB entries: 4KB 64, 2MB 8, 4MB 8
[    3.158323] Last level dTLB entries: 4KB 64, 2MB 0, 4MB 0, 1GB 4
[    3.176115] Spectre V2 : Mitigation: Full generic retpoline
[    3.192278] Spectre V2 : Spectre v2 mitigation: Speculation control IBPB not-supported IBRS not-supported
[    3.230524] Spectre V2 : Spectre v2 / SpectreRSB mitigation: Filling RSB on context switch
[    3.258648] Speculative Store Bypass: Vulnerable
[    3.296787] Freeing SMP alternatives memory: 32K
[    3.324732] ftrace: allocating 32291 entries in 127 pages
[    3.433741] smpboot: APIC(0) Converting physical 0 to logical package 0
[    3.455607] smpboot: Max logical packages: 1
[    3.477912] x2apic enabled
[    3.486344] Switched APIC routing to physical x2apic.
[    3.518957] ..TIMER: vector=0x30 apic1=0 pin1=2 apic2=-1 pin2=-1
[    3.670735] APIC calibration not consistent with PM-Timer: 98ms instead of 100ms
[    3.704335] APIC delta adjusted to PM-Timer: 6266587 (6179159)
[    3.735750] smpboot: CPU0: Intel(R) Core(TM) i5-5300U CPU @ 2.30GHz (family: 0x6, model: 0x3d, stepping: 0x4)
[    3.797771] Performance Events: unsupported p6 CPU model 61 no PMU driver, software events only.
[    3.827925] KVM setup paravirtual spinlock
[    3.840058] x86: Booted up 1 node, 1 CPUs
[    3.853174] smpboot: Total of 1 processors activated (4589.37 BogoMIPS)
[    3.877994] devtmpfs: initialized
[    3.897467] evm: security.selinux
[    3.929935] evm: security.SMACK64
[    3.939250] evm: security.SMACK64EXEC
[    3.949971] evm: security.SMACK64TRANSMUTE
[    3.961639] evm: security.SMACK64MMAP
[    3.986078] evm: security.ima
[    3.998622] evm: security.capability
[    4.010402] clocksource: jiffies: mask: 0xffffffff max_cycles: 0xffffffff, max_idle_ns: 7645041785100000 ns
[    4.035312] futex hash table entries: 256 (order: 2, 16384 bytes)
[    4.066925] pinctrl core: initialized pinctrl subsystem
[    4.114213] RTC time: 21:59:21, date: 01/12/19
[    4.137769] NET: Registered protocol family 16
[    4.159119] cpuidle: using governor ladder
[    4.173140] cpuidle: using governor menu
[    4.181003] PCCT header not found.
[    4.196857] ACPI: bus type PCI registered
[    4.215585] acpiphp: ACPI Hot Plug PCI Controller Driver version: 0.5
[    4.228295] PCI: Using configuration type 1 for base access
[    4.247990] ACPI: Added _OSI(Module Device)
[    4.263225] ACPI: Added _OSI(Processor Device)
[    4.278036] ACPI: Added _OSI(3.0 _SCP Extensions)
[    4.292547] ACPI: Added _OSI(Processor Aggregator Device)
[    4.302033] ACPI: Executed 1 blocks of module-level executable AML code
[    4.360675] ACPI: Interpreter enabled
[    4.375126] ACPI: (supports S0 S5)
[    4.390415] ACPI: Using IOAPIC for interrupt routing
[    4.408875] PCI: Using host bridge windows from ACPI; if necessary, use "pci=nocrs" and report a bug
[    4.450118] ACPI: PCI Root Bridge [PCI0] (domain 0000 [bus 00-ff])
[    4.482914] acpi PNP0A03:00: _OSC: OS supports [ASPM ClockPM Segments MSI]
[    4.508198] acpi PNP0A03:00: _OSC: not requesting OS control; OS requires [ExtendedConfig ASPM ClockPM MSI]
[    4.555047] acpi PNP0A03:00: fail to add MMCONFIG information, can't access extended PCI configuration space under this bridge.
[    4.587394] PCI host bridge to bus 0000:00
[    4.597551] pci_bus 0000:00: root bus resource [io  0x0000-0x0cf7 window]
[    4.628410] pci_bus 0000:00: root bus resource [io  0x0d00-0xffff window]
[    4.651458] pci_bus 0000:00: root bus resource [mem 0x000a0000-0x000bffff window]
[    4.680267] pci_bus 0000:00: root bus resource [mem 0x80000000-0xfdffffff window]
[    4.723615] pci_bus 0000:00: root bus resource [bus 00-ff]
[    4.757472] pci 0000:00:01.1: legacy IDE quirk: reg 0x10: [io  0x01f0-0x01f7]
[    4.771787] pci 0000:00:01.1: legacy IDE quirk: reg 0x14: [io  0x03f6]
[    4.803726] pci 0000:00:01.1: legacy IDE quirk: reg 0x18: [io  0x0170-0x0177]
[    4.813805] pci 0000:00:01.1: legacy IDE quirk: reg 0x1c: [io  0x0376]
[    4.937175] pci 0000:00:07.0: quirk: [io  0x4000-0x403f] claimed by PIIX4 ACPI
[    4.949197] pci 0000:00:07.0: quirk: [io  0x4100-0x410f] claimed by PIIX4 SMB
[    5.052207] ACPI: PCI Interrupt Link [LNKA] (IRQs 5 9 10 *11)
[    5.077910] ACPI: PCI Interrupt Link [LNKB] (IRQs 5 9 *10 11)
[    5.102732] ACPI: PCI Interrupt Link [LNKC] (IRQs 5 *9 10 11)
[    5.115974] ACPI: PCI Interrupt Link [LNKD] (IRQs 5 9 10 *11)
[    5.135422] ACPI: Enabled 2 GPEs in block 00 to 07
[    5.158149] vgaarb: setting as boot device: PCI:0000:00:02.0
[    5.198019] vgaarb: device added: PCI:0000:00:02.0,decodes=io+mem,owns=io+mem,locks=none
[    5.228231] vgaarb: loaded
[    5.233774] vgaarb: bridge control possible 0000:00:02.0
[    5.243573] SCSI subsystem initialized
[    5.252581] ACPI: bus type USB registered
[    5.260774] usbcore: registered new interface driver usbfs
[    5.280881] usbcore: registered new interface driver hub
[    5.299044] usbcore: registered new device driver usb
[    5.316696] PCI: Using ACPI for IRQ routing
[    5.326128] NetLabel: Initializing
[    5.331317] NetLabel:  domain hash size = 128
[    5.338072] NetLabel:  protocols = UNLABELED CIPSOv4
[    5.351978] NetLabel:  unlabeled traffic allowed by default
[    5.366990] amd_nb: Cannot enumerate AMD northbridges
[    5.399447] clocksource: Switched to clocksource kvm-clock
[    5.450376] AppArmor: AppArmor Filesystem Enabled
[    5.477468] pnp: PnP ACPI init
[    5.493974] pnp: PnP ACPI: found 3 devices
[    5.530793] clocksource: acpi_pm: mask: 0xffffff max_cycles: 0xffffff, max_idle_ns: 2085701024 ns
[    5.571890] NET: Registered protocol family 2
[    5.598315] TCP established hash table entries: 16384 (order: 5, 131072 bytes)
[    5.624866] TCP bind hash table entries: 16384 (order: 6, 262144 bytes)
[    5.662821] TCP: Hash tables configured (established 16384 bind 16384)
[    5.684145] UDP hash table entries: 1024 (order: 3, 32768 bytes)
[    5.721928] UDP-Lite hash table entries: 1024 (order: 3, 32768 bytes)
[    5.764644] NET: Registered protocol family 1
[    5.782745] pci 0000:00:00.0: Limiting direct PCI/PCI transfers
[    5.813098] pci 0000:00:01.0: Activating ISA DMA hang workarounds
[    5.839785] Unpacking initramfs...
[    6.452100] Freeing initrd memory: 14800K
[    6.464887] RAPL PMU detected, API unit is 2^-32 Joules, 4 fixed counters 10737418240 ms ovfl timer
[    6.492859] hw unit of domain pp0-core 2^-0 Joules
[    6.507153] hw unit of domain package 2^-0 Joules
[    6.518439] hw unit of domain dram 2^-0 Joules
[    6.528226] hw unit of domain pp1-gpu 2^-0 Joules
[    6.545972] platform rtc_cmos: registered platform RTC device (no PNP device found)
[    6.578803] Scanning for low memory corruption every 60 seconds
[    6.594829] audit: initializing netlink subsys (disabled)
[    6.626020] audit: type=2000 audit(1547330366.223:1): initialized
[    6.658249] Initialise system trusted keyring
[    6.680309] HugeTLB registered 2 MB page size, pre-allocated 0 pages
[    6.726785] zbud: loaded
[    6.739262] VFS: Disk quotas dquot_6.6.0
[    6.763048] VFS: Dquot-cache hash table entries: 512 (order 0, 4096 bytes)
[    6.816566] squashfs: version 4.0 (2009/01/31) Phillip Lougher
[    6.834958] fuse init (API version 7.23)
[    6.859409] Key type big_key registered
[    6.888023] Allocating IMA MOK and blacklist keyrings.
[    6.919032] Key type asymmetric registered
[    6.940692] Asymmetric key parser 'x509' registered
[    6.950554] Block layer SCSI generic (bsg) driver version 0.4 loaded (major 249)
[    6.981301] io scheduler noop registered
[    7.006310] io scheduler deadline registered (default)
[    7.023353] io scheduler cfq registered
[    7.039802] pci_hotplug: PCI Hot Plug PCI Core version: 0.5
[    7.055265] pciehp: PCI Express Hot Plug Controller Driver version: 0.4
[    7.075821] ACPI: AC Adapter [AC] (off-line)
[    7.100749] input: Power Button as /devices/LNXSYSTM:00/LNXPWRBN:00/input/input0
[    7.131752] ACPI: Power Button [PWRF]
[    7.156920] input: Sleep Button as /devices/LNXSYSTM:00/LNXSLPBN:00/input/input1
[    7.206976] ACPI: Sleep Button [SLPF]
[    7.224550] ACPI: Battery Slot [BAT0] (battery present)
[    7.249025] GHES: HEST is not enabled!
[    7.263609] Serial: 8250/16550 driver, 32 ports, IRQ sharing enabled
[    7.329592] 00:02: ttyS0 at I/O 0x3f8 (irq = 4, base_baud = 115200) is a 16550A
[    7.375084] Linux agpgart interface v0.103
[    7.399682] loop: module loaded
[    7.425705] scsi host0: ata_piix
[    7.444727] scsi host1: ata_piix
[    7.473017] ata1: PATA max UDMA/33 cmd 0x1f0 ctl 0x3f6 bmdma 0xd000 irq 14
[    7.505833] ata2: PATA max UDMA/33 cmd 0x170 ctl 0x376 bmdma 0xd008 irq 15
[    7.536921] libphy: Fixed MDIO Bus: probed
[    7.556273] tsc: Refined TSC clocksource calibration: 2294.659 MHz
[    7.586126] clocksource: tsc: mask: 0xffffffffffffffff max_cycles: 0x21137fb0e94, max_idle_ns: 440795226537 ns
[    7.636098] tun: Universal TUN/TAP device driver, 1.6
[    7.673560] tun: (C) 1999-2004 Max Krasnyansky <maxk@qualcomm.com>
[    7.696909] PPP generic driver version 2.4.2
[    7.710965] ehci_hcd: USB 2.0 'Enhanced' Host Controller (EHCI) Driver
[    7.741958] ehci-pci: EHCI PCI platform driver
[    7.764435] ehci-platform: EHCI generic platform driver
[    7.781732] ohci_hcd: USB 1.1 'Open' Host Controller (OHCI) Driver
[    7.803986] ohci-pci: OHCI PCI platform driver
[    7.818880] ohci-platform: OHCI generic platform driver
[    7.848132] uhci_hcd: USB Universal Host Controller Interface driver
[    7.873950] i8042: PNP: PS/2 Controller [PNP0303:PS2K,PNP0f03:PS2M] at 0x60,0x64 irq 1,12
[    7.892354] serio: i8042 KBD port at 0x60,0x64 irq 1
[    7.919529] serio: i8042 AUX port at 0x60,0x64 irq 12
[    7.940806] mousedev: PS/2 mouse device common for all mice
[    7.965037] input: AT Translated Set 2 keyboard as /devices/platform/i8042/serio0/input/input2
[    7.996505] rtc_cmos rtc_cmos: rtc core: registered rtc_cmos as rtc0
[    8.017903] rtc_cmos rtc_cmos: alarms up to one day, 114 bytes nvram
[    8.046279] i2c /dev entries driver
[    8.069026] device-mapper: uevent: version 1.0.3
[    8.089706] device-mapper: ioctl: 4.34.0-ioctl (2015-10-28) initialised: dm-devel@redhat.com
[    8.124445] ledtrig-cpu: registered to indicate activity on CPUs
[    8.151169] NET: Registered protocol family 10
[    8.195648] NET: Registered protocol family 17
[    8.221646] Key type dns_resolver registered
[    8.259371] registered taskstats version 1
[    8.268635] Loading compiled-in X.509 certificates
[    8.291399] Loaded X.509 cert 'Build time autogenerated kernel key: 7c9fb337b82e5a343493fe891c556beae1895c7c'
[    8.328506] zswap: loaded using pool lzo/zbud
[    8.351756] Key type trusted registered
[    8.378181] Key type encrypted registered
[    8.402010] AppArmor: AppArmor sha1 policy hashing enabled
[    8.415216] ima: No TPM chip found, activating TPM-bypass!
[    8.440749] ima: Allocated hash algorithm: sha1
[    8.453169] evm: HMAC attrs: 0x1
[    8.477147]   Magic number: 3:541:1005
[    8.496475] input input2: hash matches
[    8.517781] rtc_cmos rtc_cmos: setting system clock to 2019-01-12 21:59:25 UTC (1547330365)
[    8.560736] BIOS EDD facility v0.16 2004-Jun-25, 0 devices found
[    8.616655] EDD information not available.
[    8.627316] Freeing unused kernel memory: 1528K
[    8.655927] Write protecting the kernel read-only data: 14336k
[    8.696003] Freeing unused kernel memory: 1660K
[    8.742413] Freeing unused kernel memory: 88K
Loading, please wait...
starting version[    8.802023] random: udevadm: uninitialized urandom read (16 bytes read, 5 bits of entropy available)
 229
[    8.876071] random: systemd-udevd: uninitialized urandom read (16 bytes read, 5 bits of entropy available)
[    8.926017] random: systemd-udevd: uninitialized urandom read (16 bytes read, 5 bits of entropy available)
[    9.006164] random: udevadm: uninitialized urandom read (16 bytes read, 5 bits of entropy available)
[    9.078291] random: systemd-udevd: uninitialized urandom read (16 bytes read, 5 bits of entropy available)
[    9.147821] random: udevadm: uninitialized urandom read (16 bytes read, 5 bits of entropy available)
[    9.206365] random: systemd-udevd: uninitialized urandom read (16 bytes read, 5 bits of entropy available)
[    9.268965] random: udevadm: uninitialized urandom read (16 bytes read, 5 bits of entropy available)
[    9.301278] random: systemd-udevd: uninitialized urandom read (16 bytes read, 5 bits of entropy available)
[    9.364245] random: udevadm: uninitialized urandom read (16 bytes read, 5 bits of entropy available)
[    9.562946] e1000: Intel(R) PRO/1000 Network Driver - version 7.3.21-k8-NAPI
[    9.592487] e1000: Copyright (c) 1999-2006 Intel Corporation.
[    9.630013] Fusion MPT base driver 3.04.20
[    9.645799] Copyright (c) 1999-2008 LSI Corporation
[    9.800743] AVX2 version of gcm_enc/dec engaged.
[    9.832868] AES CTR mode by8 optimization enabled
[    9.914909] input: ImExPS/2 Generic Explorer Mouse as /devices/platform/i8042/serio1/input/input4
[    9.960256] Fusion MPT SPI Host driver 3.04.20
[   10.673735] e1000 0000:00:03.0 eth0: (PCI:33MHz:32-bit) 02:e9:22:0c:6f:83
[   10.704532] e1000 0000:00:03.0 eth0: Intel(R) PRO/1000 Network Connection
[   10.746621] mptbase: ioc0: Initiating bringup
[   10.832587] ioc0: LSI53C1030 A0: Capabilities={Initiator}
[   11.025726] scsi host2: ioc0: LSI53C1030 A0, FwRev=00000000h, Ports=1, MaxQ=256, IRQ=20
[   11.211014] scsi 2:0:0:0: Direct-Access     VBOX     HARDDISK         1.0  PQ: 0 ANSI: 5
[   11.274922] scsi target2:0:0: Beginning Domain Validation
[   11.402207] scsi target2:0:0: Domain Validation skipping write tests
[   11.425614] scsi target2:0:0: Ending Domain Validation
[   11.477486] scsi target2:0:0: asynchronous
[   11.608246] scsi 2:0:1:0: Direct-Access     VBOX     HARDDISK         1.0  PQ: 0 ANSI: 5
[   11.690202] scsi target2:0:1: Beginning Domain Validation
[   11.872230] scsi target2:0:1: Domain Validation skipping write tests
[   11.896505] scsi target2:0:1: Ending Domain Validation
[   11.973661] scsi target2:0:1: asynchronous
[   12.220874] sd 2:0:0:0: Attached scsi generic sg0 type 0
[   12.245588] sd 2:0:0:0: [sda] 20971520 512-byte logical blocks: (10.7 GB/10.0 GiB)
[   12.327488] sd 2:0:1:0: [sdb] 20480 512-byte logical blocks: (10.5 MB/10.0 MiB)
[   12.376212] sd 2:0:1:0: Attached scsi generic sg1 type 0
[   12.413431] sd 2:0:0:0: [sda] Write Protect is off
[   12.443396] sd 2:0:1:0: [sdb] Write Protect is off
[   12.490022] sd 2:0:0:0: [sda] Incomplete mode parameter data
[   12.527132] sd 2:0:0:0: [sda] Assuming drive cache: write through
[   12.552285] sd 2:0:1:0: [sdb] Incomplete mode parameter data
[   12.579790] sd 2:0:1:0: [sdb] Assuming drive cache: write through
[   12.629029] e1000 0000:00:08.0 eth1: (PCI:33MHz:32-bit) 08:00:27:c9:a3:a4
[   12.664570] e1000 0000:00:08.0 eth1: Intel(R) PRO/1000 Network Connection
[   12.700877]  sda: sda1
[   12.721789] e1000 0000:00:08.0 enp0s8: renamed from eth1
[   12.766149] sd 2:0:1:0: [sdb] Attached SCSI disk
[   12.779728] sd 2:0:0:0: [sda] Attached SCSI disk
[   12.825642] e1000 0000:00:03.0 enp0s3: renamed from eth0
Begin: Loading e[   14.528195] md: linear personality registered for level -1
ssential drivers ... [   14.577991] md: multipath personality registered for level -4
[   14.610062] md: raid0 personality registered for level 0
[   14.646371] md: raid1 personality registered for level 1
[   14.767672] raid6: sse2x1   gen()  2839 MB/s
[   14.879800] raid6: sse2x1   xor()  2278 MB/s
[   14.971790] raid6: sse2x2   gen()  5203 MB/s
[   15.055958] raid6: sse2x2   xor()  3210 MB/s
[   15.144058] raid6: sse2x4   gen()  4831 MB/s
[   15.228132] raid6: sse2x4   xor()  3447 MB/s
[   15.315617] raid6: avx2x1   gen()  7264 MB/s
[   15.395611] raid6: avx2x2   gen()  7594 MB/s
[   15.471783] raid6: avx2x4   gen()  7061 MB/s
[   15.502379] raid6: using algorithm avx2x2 gen() 7594 MB/s
[   15.522334] raid6: using avx2x2 recovery algorithm
[   15.547765] xor: automatically using best checksumming function:
[   15.607995]    avx       : 12061.000 MB/sec
[   15.631140] async_tx: api initialized (async)
[   15.665848] md: raid6 personality registered for level 6
[   15.684145] md: raid5 personality registered for level 5
[   15.711224] md: raid4 personality registered for level 4
[   15.752867] md: raid10 personality registered for level 10
done.
Begin: Running /scripts/init-premount ... done.
Begin: Mounting root file system ... Begin: Running /scripts/local-top ... done.
Begin: Running /scripts/loc[   15.844724] Btrfs loaded
al-premount ... Scanning for Btrfs filesystems
done.
Warning: fsck not present, so sk[   15.978770] EXT4-fs (sda1): mounted filesystem with ordered data mode. Opts: (null)
ipping root file system
done.
Begin: Running /scripts/local-bottom ... done.
Begin: Running /scripts/init-bottom ... done.
[   16.508898] systemd[1]: systemd 229 running in system mode. (+PAM +AUDIT +SELINUX +IMA +APPARMOR +SMACK +SYSVINIT +UTMP +LIBCRYPTSETUP +GCRYPT +GNUTLS +ACL +XZ -LZ4 +SECCOMP +BLKID +ELFUTILS +KMOD -IDN)
[   16.569714] systemd[1]: Detected virtualization oracle.
[   16.587922] systemd[1]: Detected architecture x86-64.

Welcome to [1mUbuntu 16.04.5 LTS[0m!

[   16.717538] systemd[1]: Set hostname to <ubuntu>.
[   16.772731] random: nonblocking pool is initialized
[   16.813584] systemd[1]: Initializing machine ID from random generator.
[   16.859410] systemd[1]: Installed transient /etc/machine-id file.
[   17.420649] systemd[1]: Listening on Journal Socket (/dev/log).
[[0;32m  OK  [0m] Listening on Journal Socket (/dev/log).
[   17.488283] systemd[1]: Started Forward Password Requests to Wall Directory Watch.
[[0;32m  OK  [0m] Started Forward Password Requests to Wall Directory Watch.
[   17.611865] systemd[1]: Listening on /dev/initctl Compatibility Named Pipe.
[[0;32m  OK  [0m] Listening on /dev/initctl Compatibility Named Pipe.
[   17.717678] systemd[1]: Reached target User and Group Name Lookups.
[[0;32m  OK  [0m] Reached target User and Group Name Lookups.
[   17.771848] systemd[1]: Reached target System Time Synchronized.
[[0;32m  OK  [0m] Reached target System Time Synchronized.
[   17.832304] systemd[1]: Listening on udev Control Socket.
[[0;32m  OK  [0m] Listening on udev Control Socket.
[   17.896880] systemd[1]: Created slice User and Session Slice.
[[0;32m  OK  [0m] Created slice User and Session Slice.
[   17.985139] systemd[1]: Started Trigger resolvconf update for networkd DNS.
[[0;32m  OK  [0m] Started Trigger resolvconf update for networkd DNS.
[   18.057203] systemd[1]: Created slice System Slice.
[[0;32m  OK  [0m] Created slice System Slice.
[   18.116374] systemd[1]: Listening on Device-mapper event daemon FIFOs.
[[0;32m  OK  [0m] Listening on Device-mapper event daemon FIFOs.
[   18.216192] systemd[1]: Reached target Slices.
[[0;32m  OK  [0m] Reached target Slices.
[   18.304436] systemd[1]: Created slice system-serial\x2dgetty.slice.
[[0;32m  OK  [0m] Created slice system-serial\x2dgetty.slice.
[   18.393283] systemd[1]: Set up automount Arbitrary Executable File Formats File System Automount Point.
[[0;32m  OK  [0m] Set up automount Arbitrary Executab...ats File System Automount Point.
[   18.528463] systemd[1]: Listening on LVM2 poll daemon socket.
[[0;32m  OK  [0m] Listening on LVM2 poll daemon socket.
[   18.575959] systemd[1]: Listening on udev Kernel Socket.
[[0;32m  OK  [0m] Listening on udev Kernel Socket.
[   18.624046] systemd[1]: Reached target Encrypted Volumes.
[[0;32m  OK  [0m] Reached target Encrypted Volumes.
[   18.670602] systemd[1]: Listening on Journal Audit Socket.
[[0;32m  OK  [0m] Listening on Journal Audit Socket.
[   18.726530] systemd[1]: Listening on Syslog Socket.
[[0;32m  OK  [0m] Listening on Syslog Socket.
[   18.780429] systemd[1]: Listening on LVM2 metadata daemon socket.
[[0;32m  OK  [0m] Listening on LVM2 metadata daemon socket.
[   18.859125] systemd[1]: Listening on Journal Socket.
[[0;32m  OK  [0m] Listening on Journal Socket.
[   18.923555] systemd[1]: Starting Uncomplicated firewall...
         Starting Uncomplicated firewall...
[   18.988914] systemd[1]: Starting Nameserver information manager...
         Starting Nameserver information manager...
[   19.058076] systemd[1]: Starting Remount Root and Kernel File Systems...
         Starting Remount Root and Kernel File Systems...[   19.094377] EXT4-fs (sda1): re-mounted. Opts: (null)

[   19.125219] systemd[1]: Starting Create list of required static device nodes for the current kernel...
         Starting Create list of required st... nodes for the current kernel...
[   19.227468] systemd[1]: Starting Journal Service...
         Starting Journal Service...
[   19.296213] systemd[1]: Starting Load Kernel Modules...
         Starting Load Kernel Modules...
[   19.369883] systemd[1]: Mounting Huge Pages File System...
         [   19.441542] Loading iSCSI transport class v2.0-870.
Mounting Huge Pages File System...
[   19.476597] systemd[1]: Mounting POSIX Message Queue File System...
         Mounting POSIX M[   19.538551] iscsi: registered transport (tcp)
essage Queue File System...
[   19.580021] systemd[1]: Reached target Swap.
[[0;32m  OK  [0m] Reached target Swap.
[   19.633711] systemd[1]: Mounting Debug File System...
         Mounting Debug File System...
[   19.700923] systemd[1]: Starting Monitoring of LVM2 mirrors, snapshots etc. using dmeventd or progress polling...
[   19.766518] iscsi: registered transport (iser)
         Starting Monitoring of LVM2 mirrors... dmeventd or progress polling...
[   19.836306] systemd[1]: Starting Set console keymap...
         Starting Set console keymap...
[   19.915399] systemd[1]: Mounted Huge Pages File System.
[[0;32m  OK  [0m] Mounted Huge Pages File System.
[   19.988318] systemd[1]: Mounted POSIX Message Queue File System.
[[0;32m  OK  [0m] Mounted POSIX Message Queue File System.
[   20.049285] systemd[1]: Mounted Debug File System.
[[0;32m  OK  [0m] Mounted Debug File System.
[   20.092291] systemd[1]: Started Journal Service.
[[0;32m  OK  [0m] Started Journal Service.
[[0;32m  OK  [0m] Started Uncomplicated firewall.
[[0;32m  OK  [0m] Started Remount Root and Kernel File Systems.
[[0;32m  OK  [0m] Started Create list of required sta...ce nodes for the current kernel.
[[0;32m  OK  [0m] Started Load Kernel Modules.
[[0;32m  OK  [0m] Started Set console keymap.
[[0;32m  OK  [0m] Started Nameserver information manager.
[[0;32m  OK  [0m] Started LVM2 metadata daemon.
         Mounting FUSE Control File System...
         Starting Apply Kernel Variables...
         Starting Create Static Device Nodes in /dev...
         Starting Load/Save Random Seed...
         Starting udev Coldplug all Devices...
         Starting Flush Journal to Persistent Storage...
[[0;32m  OK  [0m] Mounted FUSE Control File System.
[[0;32m  OK  [0m] Started Monitoring of LVM2 mirrors,...ng dmeventd or progress polling.
[[0;32m  OK  [0m] Started Apply Kernel Variables.
[[0;32m  OK  [0m] Started Create Static Device Nodes in /dev.
[[0;32m  OK  [0m] Started Load/Save Random Seed.
[[0;32m  OK  [0m] Started udev Coldplug all Devices.
[[0;32m  OK  [0m] Started Flush Journal to Persistent Storage.
         Starting udev Kernel Device Manager...
[[0;32m  OK  [0m] Reached target Local File Systems (Pre).
[[0;32m  OK  [0m] Reached target Local File Systems.
         Starting Create Volatile Files and Directories...
         Starting Initial cloud-init job (pre-networking)...
         Starting Commit a transient machine-id on disk...
         Starting Tell Plymouth To Write Out Runtime Data...
         Starting LSB: AppArmor initialization...
         Starting Set console font and keymap...
[[0;32m  OK  [0m] Started udev Kernel Device Manager.
[[0;32m  OK  [0m] Started Create Volatile Files and Directories.
[[0;32m  OK  [0m] Started Commit a transient machine-id on disk.
[[0;32m  OK  [0m] Started Tell Plymouth To Write Out Runtime Data.
         Starting Update UTMP about System Boot/Shutdown...
[[0;32m  OK  [0m] Started Dispatch Password Requests to Console Directory Watch.
[[0;32m  OK  [0m] Started Update UTMP about System Boot/Shutdown.
[[0;32m  OK  [0m] Found device /dev/ttyS0.
[[0;32m  OK  [0m] Listening on Load/Save RF Kill Switch Status /dev/rfkill Watch.
[[0;32m  OK  [0m] Started Set console font and keymap.
[[0;32m  OK  [0m] Created slice system-getty.slice.
[   22.128255] cloud-init[492]: Cloud-init v. 18.4-0ubuntu1~16.04.2 running 'init-local' at Sat, 12 Jan 2019 21:59:42 +0000. Up 20.98 seconds.
[[0;32m  OK  [0m] Started Initial cloud-init job (pre-networking).
[[0;32m  OK  [0m] Reached target Network (Pre).
[[0;32m  OK  [0m] Started LSB: AppArmor initialization.
         Starting Raise network interfaces...
[[0;32m  OK  [0m] Started Raise network interfaces.
         Starting Initial cloud-init job (metadata service crawler)...
[[0;32m  OK  [0m] Reached target Network.
[   27.189750] cloud-init[952]: Cloud-init v. 18.4-0ubuntu1~16.04.2 running 'init' at Sat, 12 Jan 2019 21:59:45 +0000. Up 24.07 seconds.
[   27.257140] cloud-init[952]: ci-info: ++++++++++++++++++++++++++++++++++++++Net device info+++++++++++++++++++++++++++++++++++++++
[[   27.336931] cloud-init[952]: ci-info: +--------+-------+----------------------------+---------------+--------+-------------------+
[   27.338082] cloud-init[952]: ci-info: | Device |   Up  |          Address           |      Mask     | Scope  |     Hw-Address    |
[   27.338918] cloud-init[952]: ci-info: +--------+-------+----------------------------+---------------+--------+-------------------+
[   27.339190] cloud-init[952]: ci-info: | enp0s3 |  True |         10.0.2.15          | 255.255.255.0 | global | 02:e9:22:0c:6f:83 |
[   27.339767] cloud-init[952]: ci-info: | enp0s3 |  True | fe80::e9:22ff:fe0c:6f83/64 |       .       |  link  | 02:e9:22:0c:6f:83 |
[0;32m  OK  [0m] Started Initial cloud-init job (metadata service crawler).
[   27.340664] cloud-init[952]: ci-info: | enp0s8 | False |             .              |       .       |   .    | 08:00:27:c9:a3:a4 |
[   27.905326] cloud-init[952]: ci-info: |   lo   |  True |         127.0.0.1          |   255.0.0.0   |  host  |         .         |
[[0;32m  OK  [0m] Reached target Cloud-config availability.
[   28.018560] cloud-init[952]: ci-info: |   lo   |  True |          ::1/128           |       .       |  host  |         .         |
[   28.157718] cloud-init[952]: ci-info: +--------+-------+----------------------------+---------------+--------+-------------------+
[   28.159909] cloud-init[952]: ci-info: +++++++++++++++++++++++++++Route IPv4 info++++++++++++++++++++++++++++
[   28.160304] cloud-init[952]: ci-info: +-------+-------------+----------+---------------+-----------+-------+
[   28.160455] cloud-init[952]: ci-info: | Route | Destination | Gateway  |    Genmask    | Interface | Flags |
[   28.160578] cloud-init[952]: ci-info: +-------+-------------+----------+---------------+-----------+-------+
[   28.160692] cloud-init[952]: ci-info: |   0   |   0.0.0.0   | 10.0.2.2 |    0.0.0.0    |   enp0s3  |   UG  |
[   28.160799] cloud-init[952]: ci-info: |   1   |   10.0.2.0  | 0.0.0.0  | 255.255.255.0 |   enp0s3  |   U   |
[   28.160909] cloud-init[952]: ci-info: +-------+-------------+----------+---------------+-----------+-------+
[   28.161014] cloud-init[952]: ci-info: +++++++++++++++++++Route IPv6 info+++++++++++++++++++
[   28.161268] cloud-init[952]: ci-info: +-------+-------------+---------+-----------+-------+
[   28.161394] cloud-init[952]: ci-info: | Route | Destination | Gateway | Interface | Flags |
[   28.161516] cloud-init[952]: ci-info: +-------+-------------+---------+-----------+-------+
[   28.161606] cloud-init[952]: ci-info: |   0   |  fe80::/64  |    ::   |   enp0s3  |   U   |
[   28.161974] cloud-init[952]: ci-info: |   4   |   ff00::/8  |    ::   |   enp0s3  |   U   |
[   28.162587] cloud-init[952]: ci-info: +-------+-------------+---------+-----------+-------+
[   28.162727] cloud-init[952]: Generating public/private rsa key pair.
[   28.163161] cloud-init[952]: Your identification has been saved in /etc/ssh/ssh_host_rsa_key.
[   28.163284] cloud-init[952]: Your public key has been saved in /etc/ssh/ssh_host_rsa_key.pub.
[   28.163386] cloud-init[952]: The key fingerprint is:
[   28.163493] cloud-init[952]: SHA256:XdhXgwxcjUWZcTVQ/RMkOp0q0ZgPJtlCnyR2yhFCcWw root@ubuntu-xenial
[   28.163598] cloud-init[952]: The key's randomart image is:
[   28.163692] cloud-init[952]: +---[RSA 2048]----+
[   28.164188] cloud-init[952]: |    .+oB.o..++XOX|
[   28.164297] cloud-init[952]: |      *EX =+o+o*=|
[   28.164392] cloud-init[952]: |      .* X.+oo. o|
[   28.164490] cloud-init[952]: |        +.+.o. ..|
[[0;32m  OK  [0m] Reached target Network is Online.
         Starting iSCSI initiator daemon (iscsid)...
[[0;32m  OK  [0m] Reached target System Initialization.
[   28.164803] cloud-init[952]: |        S..o    .|
         Starting LXD - unix socket.
[[0;32m  OK  [0m] Listening on ACPID Listen Socket.
[   29.984213] cloud-init[952]: |          .      |
[   30.152354] cloud-init[952]: |                 |
[[0;32m  OK  [0m] Started Daily apt download activities.
[   30.212445] cloud-init[952]: |                 |
[[0;32m  OK  [0m] Listening on D-Bus System Message Bus Socket.
[[0;32m  OK  [0m] Started Daily Cleanup of Temporary Directories.
         Starting Socket activation for snappy daemon.
[[0;32m  OK  [0m] Started Daily apt upgrade and clean activities.
[[0;32m  OK  [0m] Reached target Timers.
[   30.271128] cloud-init[952]: |                 |
[[0;32m  OK  [0m[   30.632671] cloud-init[952]: +----[SHA256]-----+
[   30.633039] cloud-init[952]: Generating public/private dsa key pair.
[   30.633198] cloud-init[952]: Your identification has been saved in /etc/ssh/ssh_host_dsa_key.
[   30.633324] cloud-init[952]: Your public key has been saved in /etc/ssh/ssh_host_dsa_key.pub.
[   30.633446] cloud-init[952]: The key fingerprint is:
[   30.633563] cloud-init[952]: SHA256:y+T6Ks32dSnxXxBhWUR4XyTp5x81oFN57/TuIWP9uZw root@ubuntu-xenial
[   30.633680] cloud-init[952]: The key's randomart image is:
[   30.633951] cloud-init[952]: +---[DSA 1024]----+
[   30.634086] cloud-init[952]: |              =O=|
[   30.634199] cloud-init[952]: |             =++o|
[   30.634311] cloud-init[952]: |            o.+.+|
[   30.634432] cloud-init[952]: |           o  .o*|
[   30.634543] cloud-init[952]: |        S . . .=+|
[   30.634654] cloud-init[952]: |       + . o ..o+|
[   30.634924] cloud-init[952]: |     o  + o ++ ++|
[   30.635068] cloud-init[952]: |    . +. . o..+.B|
[   30.635188] cloud-init[952]: |     oo+o     .E+|
[   30.635303] cloud-init[952]: +----[SHA256]-----+
[   30.635415] cloud-init[952]: Generating public/private ecdsa key pair.
[   30.635532] cloud-init[952]: Your identification has been saved in /etc/ssh/ssh_host_ecdsa_key.
[   30.635643] cloud-init[952]: Your public key has been saved in /etc/ssh/ssh_host_ecdsa_key.pub.
] Started ACPI Events Check.
[[0;32m  OK  [0m] Reached target Paths.
[   30.637516] cloud-init[952]: The key fingerprint is:
[[0;32m  OK  [0m[   31.716530] cloud-init[952]: SHA256:MKvEbBv1eeZu3woXpp4NuswsqcCxx79bgugTU3R28C4 root@ubuntu-xenial
[   31.716644] cloud-init[952]: The key's randomart image is:
[   31.716730] cloud-init[952]: +---[ECDSA 256]---+
[   31.716816] cloud-init[952]: |      ..         |
[   31.716911] cloud-init[952]: |    . o..        |
[   31.717145] cloud-init[952]: |   . o+..        |
[   31.717260] cloud-init[952]: |   o.. * .       |
[   31.717350] cloud-init[952]: |  ..* E S o o    |
[   31.717436] cloud-init[952]: | .oB = . + o .   |
[   31.717520] cloud-init[952]: |  =o* ... = .    |
[   31.717606] cloud-init[952]: | ..o .o* +.* .   |
[   31.717689] cloud-init[952]: |  ....++*o+.+..  |
[   31.717775] cloud-init[952]: +----[SHA256]-----+
[   31.717858] cloud-init[952]: Generating public/private ed25519 key pair.
[   31.717944] cloud-init[952]: Your identification has been saved in /etc/ssh/ssh_host_ed25519_key.
[   31.718152] cloud-init[952]: Your public key has been saved in /etc/ssh/ssh_host_ed25519_key.pub.
[   31.718255] cloud-init[952]: The key fingerprint is:
[   31.718341] cloud-init[952]: SHA256:h4pu8+qLh/o1BvdmzP002q/clPg98T1QFCJD8Arwk50 root@ubuntu-xenial
[   31.718424] cloud-init[952]: The key's randomart image is:
[   31.718508] cloud-init[952]: +--[ED25519 256]--+
[   31.718593] cloud-init[952]: |     .   .o+ . ..|
[   31.718688] cloud-init[952]: |      o o o o .. |
[   31.719365] cloud-init[952]: |       = E .  .  |
[   31.719464] cloud-init[952]: |        o..    . |
[   31.719549] cloud-init[952]: |  . .   S..   .  |
[   31.719629] cloud-init[952]: |   o = o . . o.  |
[   31.719727] cloud-init[952]: |   .= B . + o .o.|
[   31.719810] cloud-init[952]: |  .=++   * = ...o|
[   31.719888] cloud-init[952]: |.oo+==. . =o+ ...|
] Listening on UUID daemon activation socket.
[   31.720672] cloud-init[952]: +----[SHA256]-----+
[[0;32m  OK  [0m] Listening on LXD - unix socket.
[[0;32m  OK  [0m] Listening on Socket activation for snappy daemon.
[[0;32m  OK  [0m] Reached target Sockets.
[[0;32m  OK  [0m] Reached target Basic System.
         Starting System Logging Service...
         Starting LSB: MD monitoring daemon...
[[0;32m  OK  [0m] Started FUSE filesystem for LXC.
         Starting Accounts Service...
[[0;32m  OK  [0m] Started Regular background program processing daemon.
[[0;32m  OK  [0m] Started Deferred execution scheduler.
         Starting Login Service...
         Starting Pollinate to seed the pseudo random number generator...
         Starting Snappy daemon...
[[0;32m  OK  [0m] Started Unattended Upgrades Shutdown.
[[0;32m  OK  [0m] Started D-Bus System Message Bus.
         Starting LXD - container startup/shutdown...
         Starting LSB: Record successful boot for GRUB...
         Starting /etc/rc.local Compatibility...
         Starting Virtualbox guest utils...
[[0;32m  OK  [0m] Started ACPI event daemon.
[[0;32m  OK  [0m] Started System Logging Service.
[[0;32m  OK  [0m] Started iSCSI initiator daemon (iscsid).
[[0;32m  OK  [0m] Started /etc/rc.local Compatibility.
[[0;32m  OK  [0m] Started LSB: MD monitoring daemon.
[[0;32m  OK  [0m] Started Login Service.
         Starting Authenticate and Authorize Users to Run Privileged Tasks...
         Starting Login to default iSCSI targets...
[[0;32m  OK  [0m] Started LSB: Record successful boot for GRUB.
[[0;32m  OK  [0m] Started Authenticate and Authorize Users to Run Privileged Tasks.
[[0;32m  OK  [0m] Started Accounts Service.
[[0;32m  OK  [0m] Started Virtualbox guest utils.
[[0;32m  OK  [0m] Started LXD - container startup/shutdown.
[[0;32m  OK  [0m] Started Login to default iSCSI targets.
[[0;32m  OK  [0m] Started Snappy daemon.
         Starting Wait until snapd is fully seeded...
[[0;32m  OK  [0m] Reached target Remote File Systems (Pre).
[[0;32m  OK  [0m] Reached target Remote File Systems.
         Starting LSB: daemon to balance interrupts for SMP systems...
         Starting LSB: Set the CPU Frequency Scaling governor to "ondemand"...
         Starting Permit User Sessions...
         Starting LSB: automatic crash report generation...
[[0;32m  OK  [0m] Started Pollinate to seed the pseudo random number generator.
[[0;32m  OK  [0m] Started Permit User Sessions.
         Starting Terminate Plymouth Boot Screen...
         Starting Hold until boot process finishes up...
         Starting OpenBSD Secure Shell server...
[[0;32m  OK  [0m] Started LSB: daemon to balance interrupts for SMP systems.
[[0;32m  OK  [0m] Started LSB: Set the CPU Frequency Scaling governor to "ondemand".
[[0;32m  OK  [0m] Started Terminate Plymouth Boot Screen.
[[0;32m  OK  [0m] Started Hold until boot process finishes up.
[[0;32m  OK  [0m] Started OpenBSD Secure Shell server.
[[0;32m  OK  [0m] Started LSB: automatic crash report generation.
[[0;32m  OK  [0m] Started Getty on tty1.
         Starting Set console scheme...
[[0;32m  OK  [0m] Started Serial Getty on ttyS0.
[[0;32m  OK  [0m] Reached target Login Prompts.
[[0;32m  OK  [0m] Started Set console scheme.
[[0;32m  OK  [0m] Started Wait until snapd is fully seeded.
         Starting Apply the settings specified in cloud-config...
[[0;32m  OK  [0m] Reached target Multi-User System.
[[0;32m  OK  [0m] Reached target Graphical Interface.
         Starting Update UTMP about System Runlevel Changes...
[[0;32m  OK  [0m] Started Update UTMP about System Runlevel Changes.
[   38.732203] cloud-init[1293]: Generating locales (this might take a while)...

Ubuntu 16.04.5 LTS ubuntu-xenial ttyS0

[   41.827382] cloud-init[1293]:   en_US.UTF-8... done
[   41.828413] cloud-init[1293]: Generation complete.
ubuntu-xenial login: [   43.247415] cloud-init[1293]: Cloud-init v. 18.4-0ubuntu1~16.04.2 running 'modules:config' at Sat, 12 Jan 2019 21:59:59 +0000. Up 38.34 seconds.
ci-info: no authorized ssh keys fingerprints found for user ubuntu.
<14>Jan 12 22:00:06 ec2: 
<14>Jan 12 22:00:06 ec2: #############################################################
<14>Jan 12 22:00:06 ec2: -----BEGIN SSH HOST KEY FINGERPRINTS-----
<14>Jan 12 22:00:06 ec2: 1024 SHA256:y+T6Ks32dSnxXxBhWUR4XyTp5x81oFN57/TuIWP9uZw root@ubuntu-xenial (DSA)
<14>Jan 12 22:00:06 ec2: 256 SHA256:MKvEbBv1eeZu3woXpp4NuswsqcCxx79bgugTU3R28C4 root@ubuntu-xenial (ECDSA)
<14>Jan 12 22:00:06 ec2: 256 SHA256:h4pu8+qLh/o1BvdmzP002q/clPg98T1QFCJD8Arwk50 root@ubuntu-xenial (ED25519)
<14>Jan 12 22:00:06 ec2: 2048 SHA256:XdhXgwxcjUWZcTVQ/RMkOp0q0ZgPJtlCnyR2yhFCcWw root@ubuntu-xenial (RSA)
<14>Jan 12 22:00:06 ec2: -----END SSH HOST KEY FINGERPRINTS-----
<14>Jan 12 22:00:06 ec2: #############################################################
-----BEGIN SSH HOST KEY KEYS-----
ecdsa-sha2-nistp256 AAAAE2VjZHNhLXNoYTItbmlzdHAyNTYAAAAIbmlzdHAyNTYAAABBBIna89YJsKzmGXpi4251qLSFm1r/GbM4RSt3G1QROQeE87L+012viGVNFESjX7oA8uSdmm9XfqtFsAdGVAVVDPs= root@ubuntu-xenial
ssh-ed25519 AAAAC3NzaC1lZDI1NTE5AAAAIA9XuplomhhnbfN13YN9f0JwYaTH5sJVFdIaeAKBhxH+ root@ubuntu-xenial
ssh-rsa AAAAB3NzaC1yc2EAAAADAQABAAABAQCjHYXIJBtdtbqj9yQPyDeUj7k6cADFSxZz5JaTx+QbpnaTTcShoSTg4FQpX9KYXBqCxoCCjjQFEliD2FKjHyUnZsI3Du/zIbyYiuylLOgSTHr4DyFZAc6i7meb322mnIkJIb7pfHhxj7rMMncCR5PNJThjr0AQYTS83O/gNH+5ZDNB7e5FoYBYDXYOQqa7QsQlgz6SwIhLyI6TA2lAmTCgYWLToDD7RnKeXVxUtMsow61k9YbFenDy6PjG5iMVj0ipCndLZAw6xOUss0HATzEoVNLjQE+9nOyv1WMkyEFyHfAhgh5glUADEgVJAjIuKGL/b0RibgkY0M75KuLPeqv1 root@ubuntu-xenial
-----END SSH HOST KEY KEYS-----
[   45.037831] cloud-init[1341]: Cloud-init v. 18.4-0ubuntu1~16.04.2 running 'modules:final' at Sat, 12 Jan 2019 22:00:05 +0000. Up 44.37 seconds.
[   45.038337] cloud-init[1341]: ci-info: no authorized ssh keys fingerprints found for user ubuntu.
[   45.038754] cloud-init[1341]: Cloud-init v. 18.4-0ubuntu1~16.04.2 finished at Sat, 12 Jan 2019 22:00:06 +0000. Datasource DataSourceNoCloud [seed=/dev/sdb][dsmode=net].  Up 45.00 seconds
